# JRE version: Java(TM) SE Runtime Environment (8.0_181-b13) (build 1.8.0_181-b13)
# Java VM: Java HotSpot(TM) 64-Bit Server VM (25.181-b13 mixed mode windows-amd64 compressed oops)
Heap:
 PSYoungGen      total 432128K, used 195922K [0x00000000d5a00000, 0x00000000fbc00000, 0x0000000100000000)
  eden space 349184K, 55% used [0x00000000d5a00000,0x00000000e187cb80,0x00000000eaf00000)
  from space 82944K, 1% used [0x00000000eaf00000,0x00000000eafd8020,0x00000000f0000000)
  to   space 80896K, 0% used [0x00000000f6d00000,0x00000000f6d00000,0x00000000fbc00000)
 ParOldGen       total 212480K, used 55623K [0x0000000080e00000, 0x000000008dd80000, 0x00000000d5a00000)
  object space 212480K, 26% used [0x0000000080e00000,0x0000000084451ce8,0x000000008dd80000)
 Metaspace       used 28037K, capacity 28826K, committed 29312K, reserved 1075200K
  class space    used 3250K, capacity 3601K, committed 3712K, reserved 1048576K
GC Heap History (10 events):
Event: 11.165 GC heap before
{Heap before GC invocations=14 (full 2):
 PSYoungGen      total 261632K, used 225410K [0x00000000d5a00000, 0x00000000efe00000, 0x0000000100000000)
  eden space 177664K, 99% used [0x00000000d5a00000,0x00000000e07724e8,0x00000000e0780000)
  from space 83968K, 56% used [0x00000000e0780000,0x00000000e362e628,0x00000000e5980000)
  to   space 84480K, 0% used [0x00000000eab80000,0x00000000eab80000,0x00000000efe00000)
 ParOldGen       total 176640K, used 123538K [0x0000000080e00000, 0x000000008ba80000, 0x00000000d5a00000)
  object space 176640K, 69% used [0x0000000080e00000,0x00000000886a4bb0,0x000000008ba80000)
 Metaspace       used 27812K, capacity 28660K, committed 28928K, reserved 1075200K
  class space    used 3230K, capacity 3568K, committed 3584K, reserved 1048576K
Event: 11.174 GC heap after
Heap after GC invocations=14 (full 2):
 PSYoungGen      total 334336K, used 4887K [0x00000000d5a00000, 0x00000000ef880000, 0x0000000100000000)
  eden space 255488K, 0% used [0x00000000d5a00000,0x00000000d5a00000,0x00000000e5380000)
  from space 78848K, 6% used [0x00000000eab80000,0x00000000eb045dd0,0x00000000ef880000)
  to   space 84480K, 0% used [0x00000000e5380000,0x00000000e5380000,0x00000000ea600000)
 ParOldGen       total 176640K, used 162949K [0x0000000080e00000, 0x000000008ba80000, 0x00000000d5a00000)
  object space 176640K, 92% used [0x0000000080e00000,0x000000008ad215a0,0x000000008ba80000)
 Metaspace       used 27812K, capacity 28660K, committed 28928K, reserved 1075200K
  class space    used 3230K, capacity 3568K, committed 3584K, reserved 1048576K
}
Event: 11.174 GC heap before
{Heap before GC invocations=15 (full 3):
 PSYoungGen      total 334336K, used 4887K [0x00000000d5a00000, 0x00000000ef880000, 0x0000000100000000)
  eden space 255488K, 0% used [0x00000000d5a00000,0x00000000d5a00000,0x00000000e5380000)
  from space 78848K, 6% used [0x00000000eab80000,0x00000000eb045dd0,0x00000000ef880000)
  to   space 84480K, 0% used [0x00000000e5380000,0x00000000e5380000,0x00000000ea600000)
 ParOldGen       total 176640K, used 162949K [0x0000000080e00000, 0x000000008ba80000, 0x00000000d5a00000)
  object space 176640K, 92% used [0x0000000080e00000,0x000000008ad215a0,0x000000008ba80000)
 Metaspace       used 27812K, capacity 28660K, committed 28928K, reserved 1075200K
  class space    used 3230K, capacity 3568K, committed 3584K, reserved 1048576K
Event: 11.224 GC heap after
Heap after GC invocations=15 (full 3):
 PSYoungGen      total 334336K, used 0K [0x00000000d5a00000, 0x00000000ef880000, 0x0000000100000000)
  eden space 255488K, 0% used [0x00000000d5a00000,0x00000000d5a00000,0x00000000e5380000)
  from space 78848K, 0% used [0x00000000eab80000,0x00000000eab80000,0x00000000ef880000)
  to   space 84480K, 0% used [0x00000000e5380000,0x00000000e5380000,0x00000000ea600000)
 ParOldGen       total 212480K, used 55439K [0x0000000080e00000, 0x000000008dd80000, 0x00000000d5a00000)
  object space 212480K, 26% used [0x0000000080e00000,0x0000000084423ce8,0x000000008dd80000)
 Metaspace       used 27812K, capacity 28660K, committed 28928K, reserved 1075200K
  class space    used 3230K, capacity 3568K, committed 3584K, reserved 1048576K
}
Event: 23.449 GC heap before
{Heap before GC invocations=16 (full 3):
 PSYoungGen      total 334336K, used 255435K [0x00000000d5a00000, 0x00000000ef880000, 0x0000000100000000)
  eden space 255488K, 99% used [0x00000000d5a00000,0x00000000e5372fd8,0x00000000e5380000)
  from space 78848K, 0% used [0x00000000eab80000,0x00000000eab80000,0x00000000ef880000)
  to   space 84480K, 0% used [0x00000000e5380000,0x00000000e5380000,0x00000000ea600000)
 ParOldGen       total 212480K, used 55439K [0x0000000080e00000, 0x000000008dd80000, 0x00000000d5a00000)
  object space 212480K, 26% used [0x0000000080e00000,0x0000000084423ce8,0x000000008dd80000)
 Metaspace       used 27964K, capacity 28820K, committed 29312K, reserved 1075200K
  class space    used 3243K, capacity 3600K, committed 3712K, reserved 1048576K
Event: 23.452 GC heap after
Heap after GC invocations=16 (full 3):
 PSYoungGen      total 339968K, used 640K [0x00000000d5a00000, 0x00000000f5d00000, 0x0000000100000000)
  eden space 255488K, 0% used [0x00000000d5a00000,0x00000000d5a00000,0x00000000e5380000)
  from space 84480K, 0% used [0x00000000e5380000,0x00000000e5420010,0x00000000ea600000)
  to   space 83968K, 0% used [0x00000000f0b00000,0x00000000f0b00000,0x00000000f5d00000)
 ParOldGen       total 212480K, used 55447K [0x0000000080e00000, 0x000000008dd80000, 0x00000000d5a00000)
  object space 212480K, 26% used [0x0000000080e00000,0x0000000084425ce8,0x000000008dd80000)
 Metaspace       used 27964K, capacity 28820K, committed 29312K, reserved 1075200K
  class space    used 3243K, capacity 3600K, committed 3712K, reserved 1048576K
}
Event: 35.815 GC heap before
{Heap before GC invocations=17 (full 3):
 PSYoungGen      total 339968K, used 256128K [0x00000000d5a00000, 0x00000000f5d00000, 0x0000000100000000)
  eden space 255488K, 100% used [0x00000000d5a00000,0x00000000e5380000,0x00000000e5380000)
  from space 84480K, 0% used [0x00000000e5380000,0x00000000e5420010,0x00000000ea600000)
  to   space 83968K, 0% used [0x00000000f0b00000,0x00000000f0b00000,0x00000000f5d00000)
 ParOldGen       total 212480K, used 55447K [0x0000000080e00000, 0x000000008dd80000, 0x00000000d5a00000)
  object space 212480K, 26% used [0x0000000080e00000,0x0000000084425ce8,0x000000008dd80000)
 Metaspace       used 27996K, capacity 28826K, committed 29312K, reserved 1075200K
  class space    used 3244K, capacity 3601K, committed 3712K, reserved 1048576K
Event: 35.817 GC heap after
Heap after GC invocations=17 (full 3):
 PSYoungGen      total 420864K, used 640K [0x00000000d5a00000, 0x00000000f5100000, 0x0000000100000000)
  eden space 349184K, 0% used [0x00000000d5a00000,0x00000000d5a00000,0x00000000eaf00000)
  from space 71680K, 0% used [0x00000000f0b00000,0x00000000f0ba0010,0x00000000f5100000)
  to   space 82944K, 0% used [0x00000000eaf00000,0x00000000eaf00000,0x00000000f0000000)
 ParOldGen       total 212480K, used 55543K [0x0000000080e00000, 0x000000008dd80000, 0x00000000d5a00000)
  object space 212480K, 26% used [0x0000000080e00000,0x000000008443dce8,0x000000008dd80000)
 Metaspace       used 27996K, capacity 28826K, committed 29312K, reserved 1075200K
  class space    used 3244K, capacity 3601K, committed 3712K, reserved 1048576K
}
Event: 52.950 GC heap before
{Heap before GC invocations=18 (full 3):
 PSYoungGen      total 420864K, used 349824K [0x00000000d5a00000, 0x00000000f5100000, 0x0000000100000000)
  eden space 349184K, 100% used [0x00000000d5a00000,0x00000000eaf00000,0x00000000eaf00000)
  from space 71680K, 0% used [0x00000000f0b00000,0x00000000f0ba0010,0x00000000f5100000)
  to   space 82944K, 0% used [0x00000000eaf00000,0x00000000eaf00000,0x00000000f0000000)
 ParOldGen       total 212480K, used 55543K [0x0000000080e00000, 0x000000008dd80000, 0x00000000d5a00000)
  object space 212480K, 26% used [0x0000000080e00000,0x000000008443dce8,0x000000008dd80000)
 Metaspace       used 27997K, capacity 28826K, committed 29312K, reserved 1075200K
  class space    used 3245K, capacity 3601K, committed 3712K, reserved 1048576K
Event: 52.953 GC heap after
Heap after GC invocations=18 (full 3):
 PSYoungGen      total 432128K, used 864K [0x00000000d5a00000, 0x00000000fbc00000, 0x0000000100000000)
  eden space 349184K, 0% used [0x00000000d5a00000,0x00000000d5a00000,0x00000000eaf00000)
  from space 82944K, 1% used [0x00000000eaf00000,0x00000000eafd8020,0x00000000f0000000)
  to   space 80896K, 0% used [0x00000000f6d00000,0x00000000f6d00000,0x00000000fbc00000)
 ParOldGen       total 212480K, used 55623K [0x0000000080e00000, 0x000000008dd80000, 0x00000000d5a00000)
  object space 212480K, 26% used [0x0000000080e00000,0x0000000084451ce8,0x000000008dd80000)
 Metaspace       used 27997K, capacity 28826K, committed 29312K, reserved 1075200K
  class space    used 3245K, capacity 3601K, committed 3712K, reserved 1048576K
}

