# JRE version: Java(TM) SE Runtime Environment (8.0_181-b13) (build 1.8.0_181-b13)
# Java VM: Java HotSpot(TM) 64-Bit Server VM (25.181-b13 mixed mode windows-amd64 compressed oops)
Heap:
 PSYoungGen      total 281600K, used 174331K [0x00000000d5a00000, 0x00000000f0b80000, 0x0000000100000000)
  eden space 265728K, 65% used [0x00000000d5a00000,0x00000000e043ee90,0x00000000e5d80000)
  from space 15872K, 0% used [0x00000000e5d80000,0x00000000e5d80000,0x00000000e6d00000)
  to   space 16384K, 0% used [0x00000000efb80000,0x00000000efb80000,0x00000000f0b80000)
 ParOldGen       total 419328K, used 167563K [0x0000000080e00000, 0x000000009a780000, 0x00000000d5a00000)
  object space 419328K, 39% used [0x0000000080e00000,0x000000008b1a2fd0,0x000000009a780000)
 Metaspace       used 18706K, capacity 18894K, committed 19200K, reserved 1067008K
  class space    used 1891K, capacity 1965K, committed 2048K, reserved 1048576K
GC Heap History (10 events):
Event: 1.958 GC heap before
{Heap before GC invocations=7 (full 0):
 PSYoungGen      total 147968K, used 144074K [0x00000000d5a00000, 0x00000000df900000, 0x0000000100000000)
  eden space 133120K, 100% used [0x00000000d5a00000,0x00000000ddc00000,0x00000000ddc00000)
  from space 14848K, 73% used [0x00000000dea80000,0x00000000df532a48,0x00000000df900000)
  to   space 14848K, 0% used [0x00000000ddc00000,0x00000000ddc00000,0x00000000dea80000)
 ParOldGen       total 87552K, used 21888K [0x0000000080e00000, 0x0000000086380000, 0x00000000d5a00000)
  object space 87552K, 25% used [0x0000000080e00000,0x0000000082360130,0x0000000086380000)
 Metaspace       used 16911K, capacity 17086K, committed 17536K, reserved 1064960K
  class space    used 1741K, capacity 1835K, committed 1920K, reserved 1048576K
Event: 1.964 GC heap after
Heap after GC invocations=7 (full 0):
 PSYoungGen      total 147968K, used 4156K [0x00000000d5a00000, 0x00000000e7c00000, 0x0000000100000000)
  eden space 133120K, 0% used [0x00000000d5a00000,0x00000000d5a00000,0x00000000ddc00000)
  from space 14848K, 27% used [0x00000000ddc00000,0x00000000de00f0b0,0x00000000dea80000)
  to   space 15360K, 0% used [0x00000000e6d00000,0x00000000e6d00000,0x00000000e7c00000)
 ParOldGen       total 87552K, used 29082K [0x0000000080e00000, 0x0000000086380000, 0x00000000d5a00000)
  object space 87552K, 33% used [0x0000000080e00000,0x0000000082a66a68,0x0000000086380000)
 Metaspace       used 16911K, capacity 17086K, committed 17536K, reserved 1064960K
  class space    used 1741K, capacity 1835K, committed 1920K, reserved 1048576K
}
Event: 2.354 GC heap before
{Heap before GC invocations=8 (full 0):
 PSYoungGen      total 147968K, used 124927K [0x00000000d5a00000, 0x00000000e7c00000, 0x0000000100000000)
  eden space 133120K, 90% used [0x00000000d5a00000,0x00000000dcff0c80,0x00000000ddc00000)
  from space 14848K, 27% used [0x00000000ddc00000,0x00000000de00f0b0,0x00000000dea80000)
  to   space 15360K, 0% used [0x00000000e6d00000,0x00000000e6d00000,0x00000000e7c00000)
 ParOldGen       total 87552K, used 29082K [0x0000000080e00000, 0x0000000086380000, 0x00000000d5a00000)
  object space 87552K, 33% used [0x0000000080e00000,0x0000000082a66a68,0x0000000086380000)
 Metaspace       used 17492K, capacity 17634K, committed 18048K, reserved 1064960K
  class space    used 1805K, capacity 1867K, committed 1920K, reserved 1048576K
Event: 2.374 GC heap after
Heap after GC invocations=8 (full 0):
 PSYoungGen      total 281088K, used 4086K [0x00000000d5a00000, 0x00000000e7d00000, 0x0000000100000000)
  eden space 265728K, 0% used [0x00000000d5a00000,0x00000000d5a00000,0x00000000e5d80000)
  from space 15360K, 26% used [0x00000000e6d00000,0x00000000e70fdb98,0x00000000e7c00000)
  to   space 15872K, 0% used [0x00000000e5d80000,0x00000000e5d80000,0x00000000e6d00000)
 ParOldGen       total 151040K, used 123950K [0x0000000080e00000, 0x000000008a180000, 0x00000000d5a00000)
  object space 151040K, 82% used [0x0000000080e00000,0x000000008870ba10,0x000000008a180000)
 Metaspace       used 17492K, capacity 17634K, committed 18048K, reserved 1064960K
  class space    used 1805K, capacity 1867K, committed 1920K, reserved 1048576K
}
Event: 2.374 GC heap before
{Heap before GC invocations=9 (full 1):
 PSYoungGen      total 281088K, used 4086K [0x00000000d5a00000, 0x00000000e7d00000, 0x0000000100000000)
  eden space 265728K, 0% used [0x00000000d5a00000,0x00000000d5a00000,0x00000000e5d80000)
  from space 15360K, 26% used [0x00000000e6d00000,0x00000000e70fdb98,0x00000000e7c00000)
  to   space 15872K, 0% used [0x00000000e5d80000,0x00000000e5d80000,0x00000000e6d00000)
 ParOldGen       total 151040K, used 123950K [0x0000000080e00000, 0x000000008a180000, 0x00000000d5a00000)
  object space 151040K, 82% used [0x0000000080e00000,0x000000008870ba10,0x000000008a180000)
 Metaspace       used 17492K, capacity 17634K, committed 18048K, reserved 1064960K
  class space    used 1805K, capacity 1867K, committed 1920K, reserved 1048576K
Event: 2.395 GC heap after
Heap after GC invocations=9 (full 1):
 PSYoungGen      total 281088K, used 0K [0x00000000d5a00000, 0x00000000e7d00000, 0x0000000100000000)
  eden space 265728K, 0% used [0x00000000d5a00000,0x00000000d5a00000,0x00000000e5d80000)
  from space 15360K, 0% used [0x00000000e6d00000,0x00000000e6d00000,0x00000000e7c00000)
  to   space 15872K, 0% used [0x00000000e5d80000,0x00000000e5d80000,0x00000000e6d00000)
 ParOldGen       total 128000K, used 41064K [0x0000000080e00000, 0x0000000088b00000, 0x00000000d5a00000)
  object space 128000K, 32% used [0x0000000080e00000,0x000000008361a178,0x0000000088b00000)
 Metaspace       used 17492K, capacity 17634K, committed 18048K, reserved 1064960K
  class space    used 1805K, capacity 1867K, committed 1920K, reserved 1048576K
}
Event: 2.850 GC heap before
{Heap before GC invocations=10 (full 1):
 PSYoungGen      total 281088K, used 265728K [0x00000000d5a00000, 0x00000000e7d00000, 0x0000000100000000)
  eden space 265728K, 100% used [0x00000000d5a00000,0x00000000e5d80000,0x00000000e5d80000)
  from space 15360K, 0% used [0x00000000e6d00000,0x00000000e6d00000,0x00000000e7c00000)
  to   space 15872K, 0% used [0x00000000e5d80000,0x00000000e5d80000,0x00000000e6d00000)
 ParOldGen       total 128000K, used 41064K [0x0000000080e00000, 0x0000000088b00000, 0x00000000d5a00000)
  object space 128000K, 32% used [0x0000000080e00000,0x000000008361a178,0x0000000088b00000)
 Metaspace       used 17537K, capacity 17730K, committed 18048K, reserved 1064960K
  class space    used 1814K, capacity 1899K, committed 1920K, reserved 1048576K
Event: 2.905 GC heap after
Heap after GC invocations=10 (full 1):
 PSYoungGen      total 281600K, used 311K [0x00000000d5a00000, 0x00000000f0b80000, 0x0000000100000000)
  eden space 265728K, 0% used [0x00000000d5a00000,0x00000000d5a00000,0x00000000e5d80000)
  from space 15872K, 1% used [0x00000000e5d80000,0x00000000e5dcde58,0x00000000e6d00000)
  to   space 16384K, 0% used [0x00000000efb80000,0x00000000efb80000,0x00000000f0b80000)
 ParOldGen       total 477184K, used 452097K [0x0000000080e00000, 0x000000009e000000, 0x00000000d5a00000)
  object space 477184K, 94% used [0x0000000080e00000,0x000000009c780550,0x000000009e000000)
 Metaspace       used 17537K, capacity 17730K, committed 18048K, reserved 1064960K
  class space    used 1814K, capacity 1899K, committed 1920K, reserved 1048576K
}
Event: 2.905 GC heap before
{Heap before GC invocations=11 (full 2):
 PSYoungGen      total 281600K, used 311K [0x00000000d5a00000, 0x00000000f0b80000, 0x0000000100000000)
  eden space 265728K, 0% used [0x00000000d5a00000,0x00000000d5a00000,0x00000000e5d80000)
  from space 15872K, 1% used [0x00000000e5d80000,0x00000000e5dcde58,0x00000000e6d00000)
  to   space 16384K, 0% used [0x00000000efb80000,0x00000000efb80000,0x00000000f0b80000)
 ParOldGen       total 477184K, used 452097K [0x0000000080e00000, 0x000000009e000000, 0x00000000d5a00000)
  object space 477184K, 94% used [0x0000000080e00000,0x000000009c780550,0x000000009e000000)
 Metaspace       used 17537K, capacity 17730K, committed 18048K, reserved 1064960K
  class space    used 1814K, capacity 1899K, committed 1920K, reserved 1048576K
Event: 2.933 GC heap after
Heap after GC invocations=11 (full 2):
 PSYoungGen      total 281600K, used 0K [0x00000000d5a00000, 0x00000000f0b80000, 0x0000000100000000)
  eden space 265728K, 0% used [0x00000000d5a00000,0x00000000d5a00000,0x00000000e5d80000)
  from space 15872K, 0% used [0x00000000e5d80000,0x00000000e5d80000,0x00000000e6d00000)
  to   space 16384K, 0% used [0x00000000efb80000,0x00000000efb80000,0x00000000f0b80000)
 ParOldGen       total 419328K, used 167563K [0x0000000080e00000, 0x000000009a780000, 0x00000000d5a00000)
  object space 419328K, 39% used [0x0000000080e00000,0x000000008b1a2fd0,0x000000009a780000)
 Metaspace       used 17537K, capacity 17730K, committed 18048K, reserved 1064960K
  class space    used 1814K, capacity 1899K, committed 1920K, reserved 1048576K
}

