# JRE version: Java(TM) SE Runtime Environment (8.0_181-b13) (build 1.8.0_181-b13)
# Java VM: Java HotSpot(TM) 64-Bit Server VM (25.181-b13 mixed mode windows-amd64 compressed oops)
Heap:
 PSYoungGen      total 514560K, used 156140K [0x00000000d5a00000, 0x00000000fb900000, 0x0000000100000000)
  eden space 441344K, 35% used [0x00000000d5a00000,0x00000000df18b1a8,0x00000000f0900000)
  from space 73216K, 1% used [0x00000000f7180000,0x00000000f7270020,0x00000000fb900000)
  to   space 90112K, 0% used [0x00000000f0900000,0x00000000f0900000,0x00000000f6100000)
 ParOldGen       total 212480K, used 129390K [0x0000000080e00000, 0x000000008dd80000, 0x00000000d5a00000)
  object space 212480K, 60% used [0x0000000080e00000,0x0000000088c5baa8,0x000000008dd80000)
 Metaspace       used 27928K, capacity 28740K, committed 29184K, reserved 1075200K
  class space    used 3238K, capacity 3570K, committed 3584K, reserved 1048576K
GC Heap History (10 events):
Event: 19.827 GC heap before
{Heap before GC invocations=15 (full 3):
 PSYoungGen      total 276480K, used 274671K [0x00000000d5a00000, 0x00000000f2a00000, 0x0000000100000000)
  eden space 189952K, 100% used [0x00000000d5a00000,0x00000000e1380000,0x00000000e1380000)
  from space 86528K, 97% used [0x00000000e1380000,0x00000000e663bf88,0x00000000e6800000)
  to   space 100352K, 0% used [0x00000000ec800000,0x00000000ec800000,0x00000000f2a00000)
 ParOldGen       total 212480K, used 55419K [0x0000000080e00000, 0x000000008dd80000, 0x00000000d5a00000)
  object space 212480K, 26% used [0x0000000080e00000,0x000000008441eda0,0x000000008dd80000)
 Metaspace       used 27779K, capacity 28612K, committed 28928K, reserved 1075200K
  class space    used 3230K, capacity 3570K, committed 3584K, reserved 1048576K
Event: 19.835 GC heap after
Heap after GC invocations=15 (full 3):
 PSYoungGen      total 360448K, used 3867K [0x00000000d5a00000, 0x00000000f2280000, 0x0000000100000000)
  eden space 267776K, 0% used [0x00000000d5a00000,0x00000000d5a00000,0x00000000e5f80000)
  from space 92672K, 4% used [0x00000000ec800000,0x00000000ecbc6fa0,0x00000000f2280000)
  to   space 99840K, 0% used [0x00000000e5f80000,0x00000000e5f80000,0x00000000ec100000)
 ParOldGen       total 212480K, used 104848K [0x0000000080e00000, 0x000000008dd80000, 0x00000000d5a00000)
  object space 212480K, 49% used [0x0000000080e00000,0x0000000087464118,0x000000008dd80000)
 Metaspace       used 27779K, capacity 28612K, committed 28928K, reserved 1075200K
  class space    used 3230K, capacity 3570K, committed 3584K, reserved 1048576K
}
Event: 39.478 GC heap before
{Heap before GC invocations=16 (full 3):
 PSYoungGen      total 360448K, used 271643K [0x00000000d5a00000, 0x00000000f2280000, 0x0000000100000000)
  eden space 267776K, 100% used [0x00000000d5a00000,0x00000000e5f80000,0x00000000e5f80000)
  from space 92672K, 4% used [0x00000000ec800000,0x00000000ecbc6fa0,0x00000000f2280000)
  to   space 99840K, 0% used [0x00000000e5f80000,0x00000000e5f80000,0x00000000ec100000)
 ParOldGen       total 212480K, used 104848K [0x0000000080e00000, 0x000000008dd80000, 0x00000000d5a00000)
  object space 212480K, 49% used [0x0000000080e00000,0x0000000087464118,0x000000008dd80000)
 Metaspace       used 27886K, capacity 28740K, committed 29184K, reserved 1075200K
  class space    used 3232K, capacity 3570K, committed 3584K, reserved 1048576K
Event: 39.483 GC heap after
Heap after GC invocations=16 (full 3):
 PSYoungGen      total 367616K, used 24027K [0x00000000d5a00000, 0x00000000f7900000, 0x0000000100000000)
  eden space 267776K, 0% used [0x00000000d5a00000,0x00000000d5a00000,0x00000000e5f80000)
  from space 99840K, 24% used [0x00000000e5f80000,0x00000000e76f6d80,0x00000000ec100000)
  to   space 94720K, 0% used [0x00000000f1c80000,0x00000000f1c80000,0x00000000f7900000)
 ParOldGen       total 212480K, used 106083K [0x0000000080e00000, 0x000000008dd80000, 0x00000000d5a00000)
  object space 212480K, 49% used [0x0000000080e00000,0x0000000087598d38,0x000000008dd80000)
 Metaspace       used 27886K, capacity 28740K, committed 29184K, reserved 1075200K
  class space    used 3232K, capacity 3570K, committed 3584K, reserved 1048576K
}
Event: 60.878 GC heap before
{Heap before GC invocations=17 (full 3):
 PSYoungGen      total 367616K, used 291803K [0x00000000d5a00000, 0x00000000f7900000, 0x0000000100000000)
  eden space 267776K, 100% used [0x00000000d5a00000,0x00000000e5f80000,0x00000000e5f80000)
  from space 99840K, 24% used [0x00000000e5f80000,0x00000000e76f6d80,0x00000000ec100000)
  to   space 94720K, 0% used [0x00000000f1c80000,0x00000000f1c80000,0x00000000f7900000)
 ParOldGen       total 212480K, used 106083K [0x0000000080e00000, 0x000000008dd80000, 0x00000000d5a00000)
  object space 212480K, 49% used [0x0000000080e00000,0x0000000087598d38,0x000000008dd80000)
 Metaspace       used 27886K, capacity 28740K, committed 29184K, reserved 1075200K
  class space    used 3232K, capacity 3570K, committed 3584K, reserved 1048576K
Event: 60.882 GC heap after
Heap after GC invocations=17 (full 3):
 PSYoungGen      total 437760K, used 736K [0x00000000d5a00000, 0x00000000f6d00000, 0x0000000100000000)
  eden space 355328K, 0% used [0x00000000d5a00000,0x00000000d5a00000,0x00000000eb500000)
  from space 82432K, 0% used [0x00000000f1c80000,0x00000000f1d38010,0x00000000f6d00000)
  to   space 94208K, 0% used [0x00000000eb500000,0x00000000eb500000,0x00000000f1100000)
 ParOldGen       total 212480K, used 129358K [0x0000000080e00000, 0x000000008dd80000, 0x00000000d5a00000)
  object space 212480K, 60% used [0x0000000080e00000,0x0000000088c53aa8,0x000000008dd80000)
 Metaspace       used 27886K, capacity 28740K, committed 29184K, reserved 1075200K
  class space    used 3232K, capacity 3570K, committed 3584K, reserved 1048576K
}
Event: 89.498 GC heap before
{Heap before GC invocations=18 (full 3):
 PSYoungGen      total 437760K, used 356064K [0x00000000d5a00000, 0x00000000f6d00000, 0x0000000100000000)
  eden space 355328K, 100% used [0x00000000d5a00000,0x00000000eb500000,0x00000000eb500000)
  from space 82432K, 0% used [0x00000000f1c80000,0x00000000f1d38010,0x00000000f6d00000)
  to   space 94208K, 0% used [0x00000000eb500000,0x00000000eb500000,0x00000000f1100000)
 ParOldGen       total 212480K, used 129358K [0x0000000080e00000, 0x000000008dd80000, 0x00000000d5a00000)
  object space 212480K, 60% used [0x0000000080e00000,0x0000000088c53aa8,0x000000008dd80000)
 Metaspace       used 27886K, capacity 28740K, committed 29184K, reserved 1075200K
  class space    used 3232K, capacity 3570K, committed 3584K, reserved 1048576K
Event: 89.502 GC heap after
Heap after GC invocations=18 (full 3):
 PSYoungGen      total 449536K, used 960K [0x00000000d5a00000, 0x00000000fcb80000, 0x0000000100000000)
  eden space 355328K, 0% used [0x00000000d5a00000,0x00000000d5a00000,0x00000000eb500000)
  from space 94208K, 1% used [0x00000000eb500000,0x00000000eb5f0020,0x00000000f1100000)
  to   space 92160K, 0% used [0x00000000f7180000,0x00000000f7180000,0x00000000fcb80000)
 ParOldGen       total 212480K, used 129390K [0x0000000080e00000, 0x000000008dd80000, 0x00000000d5a00000)
  object space 212480K, 60% used [0x0000000080e00000,0x0000000088c5baa8,0x000000008dd80000)
 Metaspace       used 27886K, capacity 28740K, committed 29184K, reserved 1075200K
  class space    used 3232K, capacity 3570K, committed 3584K, reserved 1048576K
}
Event: 118.116 GC heap before
{Heap before GC invocations=19 (full 3):
 PSYoungGen      total 449536K, used 356288K [0x00000000d5a00000, 0x00000000fcb80000, 0x0000000100000000)
  eden space 355328K, 100% used [0x00000000d5a00000,0x00000000eb500000,0x00000000eb500000)
  from space 94208K, 1% used [0x00000000eb500000,0x00000000eb5f0020,0x00000000f1100000)
  to   space 92160K, 0% used [0x00000000f7180000,0x00000000f7180000,0x00000000fcb80000)
 ParOldGen       total 212480K, used 129390K [0x0000000080e00000, 0x000000008dd80000, 0x00000000d5a00000)
  object space 212480K, 60% used [0x0000000080e00000,0x0000000088c5baa8,0x000000008dd80000)
 Metaspace       used 27889K, capacity 28740K, committed 29184K, reserved 1075200K
  class space    used 3233K, capacity 3570K, committed 3584K, reserved 1048576K
Event: 118.120 GC heap after
Heap after GC invocations=19 (full 3):
 PSYoungGen      total 514560K, used 960K [0x00000000d5a00000, 0x00000000fb900000, 0x0000000100000000)
  eden space 441344K, 0% used [0x00000000d5a00000,0x00000000d5a00000,0x00000000f0900000)
  from space 73216K, 1% used [0x00000000f7180000,0x00000000f7270020,0x00000000fb900000)
  to   space 90112K, 0% used [0x00000000f0900000,0x00000000f0900000,0x00000000f6100000)
 ParOldGen       total 212480K, used 129390K [0x0000000080e00000, 0x000000008dd80000, 0x00000000d5a00000)
  object space 212480K, 60% used [0x0000000080e00000,0x0000000088c5baa8,0x000000008dd80000)
 Metaspace       used 27889K, capacity 28740K, committed 29184K, reserved 1075200K
  class space    used 3233K, capacity 3570K, committed 3584K, reserved 1048576K
}

