# JRE version: Java(TM) SE Runtime Environment (8.0_181-b13) (build 1.8.0_181-b13)
# Java VM: Java HotSpot(TM) 64-Bit Server VM (25.181-b13 mixed mode windows-amd64 compressed oops)
Heap:
 PSYoungGen      total 295424K, used 121512K [0x00000000d5a00000, 0x00000000f0500000, 0x0000000100000000)
  eden space 230400K, 52% used [0x00000000d5a00000,0x00000000dcffa018,0x00000000e3b00000)
  from space 65024K, 1% used [0x00000000e3b00000,0x00000000e3bb0010,0x00000000e7a80000)
  to   space 66048K, 0% used [0x00000000ec480000,0x00000000ec480000,0x00000000f0500000)
 ParOldGen       total 214016K, used 90956K [0x0000000080e00000, 0x000000008df00000, 0x00000000d5a00000)
  object space 214016K, 42% used [0x0000000080e00000,0x00000000866d3378,0x000000008df00000)
 Metaspace       used 27966K, capacity 28724K, committed 28928K, reserved 1075200K
  class space    used 3237K, capacity 3568K, committed 3584K, reserved 1048576K
GC Heap History (10 events):
Event: 5.783 GC heap before
{Heap before GC invocations=12 (full 2):
 PSYoungGen      total 184320K, used 145664K [0x00000000d5a00000, 0x00000000e8680000, 0x0000000100000000)
  eden space 112640K, 100% used [0x00000000d5a00000,0x00000000dc800000,0x00000000dc800000)
  from space 71680K, 46% used [0x00000000dc800000,0x00000000de840080,0x00000000e0e00000)
  to   space 69632K, 0% used [0x00000000e4280000,0x00000000e4280000,0x00000000e8680000)
 ParOldGen       total 180224K, used 107087K [0x0000000080e00000, 0x000000008be00000, 0x00000000d5a00000)
  object space 180224K, 59% used [0x0000000080e00000,0x0000000087693e88,0x000000008be00000)
 Metaspace       used 25002K, capacity 25510K, committed 25984K, reserved 1073152K
  class space    used 2916K, capacity 3165K, committed 3200K, reserved 1048576K
Event: 5.794 GC heap after
Heap after GC invocations=12 (full 2):
 PSYoungGen      total 230912K, used 28960K [0x00000000d5a00000, 0x00000000e7f80000, 0x0000000100000000)
  eden space 168448K, 0% used [0x00000000d5a00000,0x00000000d5a00000,0x00000000dfe80000)
  from space 62464K, 46% used [0x00000000e4280000,0x00000000e5ec8070,0x00000000e7f80000)
  to   space 66048K, 0% used [0x00000000dfe80000,0x00000000dfe80000,0x00000000e3f00000)
 ParOldGen       total 180224K, used 139919K [0x0000000080e00000, 0x000000008be00000, 0x00000000d5a00000)
  object space 180224K, 77% used [0x0000000080e00000,0x00000000896a3f08,0x000000008be00000)
 Metaspace       used 25002K, capacity 25510K, committed 25984K, reserved 1073152K
  class space    used 2916K, capacity 3165K, committed 3200K, reserved 1048576K
}
Event: 5.794 GC heap before
{Heap before GC invocations=13 (full 3):
 PSYoungGen      total 230912K, used 28960K [0x00000000d5a00000, 0x00000000e7f80000, 0x0000000100000000)
  eden space 168448K, 0% used [0x00000000d5a00000,0x00000000d5a00000,0x00000000dfe80000)
  from space 62464K, 46% used [0x00000000e4280000,0x00000000e5ec8070,0x00000000e7f80000)
  to   space 66048K, 0% used [0x00000000dfe80000,0x00000000dfe80000,0x00000000e3f00000)
 ParOldGen       total 180224K, used 139919K [0x0000000080e00000, 0x000000008be00000, 0x00000000d5a00000)
  object space 180224K, 77% used [0x0000000080e00000,0x00000000896a3f08,0x000000008be00000)
 Metaspace       used 25002K, capacity 25510K, committed 25984K, reserved 1073152K
  class space    used 2916K, capacity 3165K, committed 3200K, reserved 1048576K
Event: 5.829 GC heap after
Heap after GC invocations=13 (full 3):
 PSYoungGen      total 230912K, used 0K [0x00000000d5a00000, 0x00000000e7f80000, 0x0000000100000000)
  eden space 168448K, 0% used [0x00000000d5a00000,0x00000000d5a00000,0x00000000dfe80000)
  from space 62464K, 0% used [0x00000000e4280000,0x00000000e4280000,0x00000000e7f80000)
  to   space 66048K, 0% used [0x00000000dfe80000,0x00000000dfe80000,0x00000000e3f00000)
 ParOldGen       total 214016K, used 55412K [0x0000000080e00000, 0x000000008df00000, 0x00000000d5a00000)
  object space 214016K, 25% used [0x0000000080e00000,0x000000008441d290,0x000000008df00000)
 Metaspace       used 25002K, capacity 25510K, committed 25984K, reserved 1073152K
  class space    used 2916K, capacity 3165K, committed 3200K, reserved 1048576K
}
Event: 6.198 GC heap before
{Heap before GC invocations=14 (full 3):
 PSYoungGen      total 230912K, used 168448K [0x00000000d5a00000, 0x00000000e7f80000, 0x0000000100000000)
  eden space 168448K, 100% used [0x00000000d5a00000,0x00000000dfe80000,0x00000000dfe80000)
  from space 62464K, 0% used [0x00000000e4280000,0x00000000e4280000,0x00000000e7f80000)
  to   space 66048K, 0% used [0x00000000dfe80000,0x00000000dfe80000,0x00000000e3f00000)
 ParOldGen       total 214016K, used 55412K [0x0000000080e00000, 0x000000008df00000, 0x00000000d5a00000)
  object space 214016K, 25% used [0x0000000080e00000,0x000000008441d290,0x000000008df00000)
 Metaspace       used 25425K, capacity 25990K, committed 26496K, reserved 1073152K
  class space    used 2961K, capacity 3197K, committed 3200K, reserved 1048576K
Event: 6.205 GC heap after
Heap after GC invocations=14 (full 3):
 PSYoungGen      total 234496K, used 41545K [0x00000000d5a00000, 0x00000000ec500000, 0x0000000100000000)
  eden space 168448K, 0% used [0x00000000d5a00000,0x00000000d5a00000,0x00000000dfe80000)
  from space 66048K, 62% used [0x00000000dfe80000,0x00000000e27126f8,0x00000000e3f00000)
  to   space 67584K, 0% used [0x00000000e8300000,0x00000000e8300000,0x00000000ec500000)
 ParOldGen       total 214016K, used 55420K [0x0000000080e00000, 0x000000008df00000, 0x00000000d5a00000)
  object space 214016K, 25% used [0x0000000080e00000,0x000000008441f290,0x000000008df00000)
 Metaspace       used 25425K, capacity 25990K, committed 26496K, reserved 1073152K
  class space    used 2961K, capacity 3197K, committed 3200K, reserved 1048576K
}
Event: 10.267 GC heap before
{Heap before GC invocations=15 (full 3):
 PSYoungGen      total 234496K, used 209993K [0x00000000d5a00000, 0x00000000ec500000, 0x0000000100000000)
  eden space 168448K, 100% used [0x00000000d5a00000,0x00000000dfe80000,0x00000000dfe80000)
  from space 66048K, 62% used [0x00000000dfe80000,0x00000000e27126f8,0x00000000e3f00000)
  to   space 67584K, 0% used [0x00000000e8300000,0x00000000e8300000,0x00000000ec500000)
 ParOldGen       total 214016K, used 55420K [0x0000000080e00000, 0x000000008df00000, 0x00000000d5a00000)
  object space 214016K, 25% used [0x0000000080e00000,0x000000008441f290,0x000000008df00000)
 Metaspace       used 27697K, capacity 28468K, committed 28672K, reserved 1075200K
  class space    used 3231K, capacity 3568K, committed 3584K, reserved 1048576K
Event: 10.274 GC heap after
Heap after GC invocations=15 (full 3):
 PSYoungGen      total 286720K, used 19945K [0x00000000d5a00000, 0x00000000eba00000, 0x0000000100000000)
  eden space 230400K, 0% used [0x00000000d5a00000,0x00000000d5a00000,0x00000000e3b00000)
  from space 56320K, 35% used [0x00000000e8300000,0x00000000e967a430,0x00000000eba00000)
  to   space 65024K, 0% used [0x00000000e3b00000,0x00000000e3b00000,0x00000000e7a80000)
 ParOldGen       total 214016K, used 72066K [0x0000000080e00000, 0x000000008df00000, 0x00000000d5a00000)
  object space 214016K, 33% used [0x0000000080e00000,0x0000000085460b80,0x000000008df00000)
 Metaspace       used 27697K, capacity 28468K, committed 28672K, reserved 1075200K
  class space    used 3231K, capacity 3568K, committed 3584K, reserved 1048576K
}
Event: 24.450 GC heap before
{Heap before GC invocations=16 (full 3):
 PSYoungGen      total 286720K, used 250345K [0x00000000d5a00000, 0x00000000eba00000, 0x0000000100000000)
  eden space 230400K, 100% used [0x00000000d5a00000,0x00000000e3b00000,0x00000000e3b00000)
  from space 56320K, 35% used [0x00000000e8300000,0x00000000e967a430,0x00000000eba00000)
  to   space 65024K, 0% used [0x00000000e3b00000,0x00000000e3b00000,0x00000000e7a80000)
 ParOldGen       total 214016K, used 72066K [0x0000000080e00000, 0x000000008df00000, 0x00000000d5a00000)
  object space 214016K, 33% used [0x0000000080e00000,0x0000000085460b80,0x000000008df00000)
 Metaspace       used 27925K, capacity 28724K, committed 28928K, reserved 1075200K
  class space    used 3232K, capacity 3568K, committed 3584K, reserved 1048576K
Event: 24.454 GC heap after
Heap after GC invocations=16 (full 3):
 PSYoungGen      total 295424K, used 704K [0x00000000d5a00000, 0x00000000f0500000, 0x0000000100000000)
  eden space 230400K, 0% used [0x00000000d5a00000,0x00000000d5a00000,0x00000000e3b00000)
  from space 65024K, 1% used [0x00000000e3b00000,0x00000000e3bb0010,0x00000000e7a80000)
  to   space 66048K, 0% used [0x00000000ec480000,0x00000000ec480000,0x00000000f0500000)
 ParOldGen       total 214016K, used 90956K [0x0000000080e00000, 0x000000008df00000, 0x00000000d5a00000)
  object space 214016K, 42% used [0x0000000080e00000,0x00000000866d3378,0x000000008df00000)
 Metaspace       used 27925K, capacity 28724K, committed 28928K, reserved 1075200K
  class space    used 3232K, capacity 3568K, committed 3584K, reserved 1048576K
}

