# JRE version: Java(TM) SE Runtime Environment (8.0_181-b13) (build 1.8.0_181-b13)
# Java VM: Java HotSpot(TM) 64-Bit Server VM (25.181-b13 mixed mode windows-amd64 compressed oops)
Heap:
 PSYoungGen      total 281600K, used 197967K [0x00000000d5a00000, 0x00000000f0c80000, 0x0000000100000000)
  eden space 265728K, 74% used [0x00000000d5a00000,0x00000000e1b53d60,0x00000000e5d80000)
  from space 15872K, 0% used [0x00000000e5d80000,0x00000000e5d80000,0x00000000e6d00000)
  to   space 16384K, 0% used [0x00000000efc80000,0x00000000efc80000,0x00000000f0c80000)
 ParOldGen       total 417280K, used 167646K [0x0000000080e00000, 0x000000009a580000, 0x00000000d5a00000)
  object space 417280K, 40% used [0x0000000080e00000,0x000000008b1b7af0,0x000000009a580000)
 Metaspace       used 18664K, capacity 18890K, committed 19200K, reserved 1067008K
  class space    used 1891K, capacity 1965K, committed 2048K, reserved 1048576K
GC Heap History (10 events):
Event: 1.964 GC heap before
{Heap before GC invocations=7 (full 0):
 PSYoungGen      total 147968K, used 144010K [0x00000000d5a00000, 0x00000000df900000, 0x0000000100000000)
  eden space 133120K, 100% used [0x00000000d5a00000,0x00000000ddc00000,0x00000000ddc00000)
  from space 14848K, 73% used [0x00000000dea80000,0x00000000df522b10,0x00000000df900000)
  to   space 14848K, 0% used [0x00000000ddc00000,0x00000000ddc00000,0x00000000dea80000)
 ParOldGen       total 87552K, used 21819K [0x0000000080e00000, 0x0000000086380000, 0x00000000d5a00000)
  object space 87552K, 24% used [0x0000000080e00000,0x000000008234eed8,0x0000000086380000)
 Metaspace       used 16859K, capacity 17086K, committed 17536K, reserved 1064960K
  class space    used 1738K, capacity 1835K, committed 1920K, reserved 1048576K
Event: 1.970 GC heap after
Heap after GC invocations=7 (full 0):
 PSYoungGen      total 147968K, used 4097K [0x00000000d5a00000, 0x00000000e7c00000, 0x0000000100000000)
  eden space 133120K, 0% used [0x00000000d5a00000,0x00000000d5a00000,0x00000000ddc00000)
  from space 14848K, 27% used [0x00000000ddc00000,0x00000000de000708,0x00000000dea80000)
  to   space 15360K, 0% used [0x00000000e6d00000,0x00000000e6d00000,0x00000000e7c00000)
 ParOldGen       total 87552K, used 26652K [0x0000000080e00000, 0x0000000086380000, 0x00000000d5a00000)
  object space 87552K, 30% used [0x0000000080e00000,0x00000000828073e8,0x0000000086380000)
 Metaspace       used 16859K, capacity 17086K, committed 17536K, reserved 1064960K
  class space    used 1738K, capacity 1835K, committed 1920K, reserved 1048576K
}
Event: 2.376 GC heap before
{Heap before GC invocations=8 (full 0):
 PSYoungGen      total 147968K, used 124977K [0x00000000d5a00000, 0x00000000e7c00000, 0x0000000100000000)
  eden space 133120K, 90% used [0x00000000d5a00000,0x00000000dd00beb8,0x00000000ddc00000)
  from space 14848K, 27% used [0x00000000ddc00000,0x00000000de000708,0x00000000dea80000)
  to   space 15360K, 0% used [0x00000000e6d00000,0x00000000e6d00000,0x00000000e7c00000)
 ParOldGen       total 87552K, used 26652K [0x0000000080e00000, 0x0000000086380000, 0x00000000d5a00000)
  object space 87552K, 30% used [0x0000000080e00000,0x00000000828073e8,0x0000000086380000)
 Metaspace       used 17390K, capacity 17566K, committed 17792K, reserved 1064960K
  class space    used 1802K, capacity 1867K, committed 1920K, reserved 1048576K
Event: 2.403 GC heap after
Heap after GC invocations=8 (full 0):
 PSYoungGen      total 281088K, used 3776K [0x00000000d5a00000, 0x00000000e7d00000, 0x0000000100000000)
  eden space 265728K, 0% used [0x00000000d5a00000,0x00000000d5a00000,0x00000000e5d80000)
  from space 15360K, 24% used [0x00000000e6d00000,0x00000000e70b03f8,0x00000000e7c00000)
  to   space 15872K, 0% used [0x00000000e5d80000,0x00000000e5d80000,0x00000000e6d00000)
 ParOldGen       total 151040K, used 121552K [0x0000000080e00000, 0x000000008a180000, 0x00000000d5a00000)
  object space 151040K, 80% used [0x0000000080e00000,0x00000000884b4390,0x000000008a180000)
 Metaspace       used 17390K, capacity 17566K, committed 17792K, reserved 1064960K
  class space    used 1802K, capacity 1867K, committed 1920K, reserved 1048576K
}
Event: 2.403 GC heap before
{Heap before GC invocations=9 (full 1):
 PSYoungGen      total 281088K, used 3776K [0x00000000d5a00000, 0x00000000e7d00000, 0x0000000100000000)
  eden space 265728K, 0% used [0x00000000d5a00000,0x00000000d5a00000,0x00000000e5d80000)
  from space 15360K, 24% used [0x00000000e6d00000,0x00000000e70b03f8,0x00000000e7c00000)
  to   space 15872K, 0% used [0x00000000e5d80000,0x00000000e5d80000,0x00000000e6d00000)
 ParOldGen       total 151040K, used 121552K [0x0000000080e00000, 0x000000008a180000, 0x00000000d5a00000)
  object space 151040K, 80% used [0x0000000080e00000,0x00000000884b4390,0x000000008a180000)
 Metaspace       used 17390K, capacity 17566K, committed 17792K, reserved 1064960K
  class space    used 1802K, capacity 1867K, committed 1920K, reserved 1048576K
Event: 2.423 GC heap after
Heap after GC invocations=9 (full 1):
 PSYoungGen      total 281088K, used 0K [0x00000000d5a00000, 0x00000000e7d00000, 0x0000000100000000)
  eden space 265728K, 0% used [0x00000000d5a00000,0x00000000d5a00000,0x00000000e5d80000)
  from space 15360K, 0% used [0x00000000e6d00000,0x00000000e6d00000,0x00000000e7c00000)
  to   space 15872K, 0% used [0x00000000e5d80000,0x00000000e5d80000,0x00000000e6d00000)
 ParOldGen       total 126976K, used 41058K [0x0000000080e00000, 0x0000000088a00000, 0x00000000d5a00000)
  object space 126976K, 32% used [0x0000000080e00000,0x0000000083618ad8,0x0000000088a00000)
 Metaspace       used 17390K, capacity 17566K, committed 17792K, reserved 1064960K
  class space    used 1802K, capacity 1867K, committed 1920K, reserved 1048576K
}
Event: 2.892 GC heap before
{Heap before GC invocations=10 (full 1):
 PSYoungGen      total 281088K, used 265728K [0x00000000d5a00000, 0x00000000e7d00000, 0x0000000100000000)
  eden space 265728K, 100% used [0x00000000d5a00000,0x00000000e5d80000,0x00000000e5d80000)
  from space 15360K, 0% used [0x00000000e6d00000,0x00000000e6d00000,0x00000000e7c00000)
  to   space 15872K, 0% used [0x00000000e5d80000,0x00000000e5d80000,0x00000000e6d00000)
 ParOldGen       total 126976K, used 41058K [0x0000000080e00000, 0x0000000088a00000, 0x00000000d5a00000)
  object space 126976K, 32% used [0x0000000080e00000,0x0000000083618ad8,0x0000000088a00000)
 Metaspace       used 17435K, capacity 17598K, committed 17792K, reserved 1064960K
  class space    used 1812K, capacity 1899K, committed 1920K, reserved 1048576K
Event: 2.967 GC heap after
Heap after GC invocations=10 (full 1):
 PSYoungGen      total 281600K, used 279K [0x00000000d5a00000, 0x00000000f0c80000, 0x0000000100000000)
  eden space 265728K, 0% used [0x00000000d5a00000,0x00000000d5a00000,0x00000000e5d80000)
  from space 15872K, 1% used [0x00000000e5d80000,0x00000000e5dc5e58,0x00000000e6d00000)
  to   space 16384K, 0% used [0x00000000efc80000,0x00000000efc80000,0x00000000f0c80000)
 ParOldGen       total 476160K, used 452091K [0x0000000080e00000, 0x000000009df00000, 0x00000000d5a00000)
  object space 476160K, 94% used [0x0000000080e00000,0x000000009c77eeb0,0x000000009df00000)
 Metaspace       used 17435K, capacity 17598K, committed 17792K, reserved 1064960K
  class space    used 1812K, capacity 1899K, committed 1920K, reserved 1048576K
}
Event: 2.967 GC heap before
{Heap before GC invocations=11 (full 2):
 PSYoungGen      total 281600K, used 279K [0x00000000d5a00000, 0x00000000f0c80000, 0x0000000100000000)
  eden space 265728K, 0% used [0x00000000d5a00000,0x00000000d5a00000,0x00000000e5d80000)
  from space 15872K, 1% used [0x00000000e5d80000,0x00000000e5dc5e58,0x00000000e6d00000)
  to   space 16384K, 0% used [0x00000000efc80000,0x00000000efc80000,0x00000000f0c80000)
 ParOldGen       total 476160K, used 452091K [0x0000000080e00000, 0x000000009df00000, 0x00000000d5a00000)
  object space 476160K, 94% used [0x0000000080e00000,0x000000009c77eeb0,0x000000009df00000)
 Metaspace       used 17435K, capacity 17598K, committed 17792K, reserved 1064960K
  class space    used 1812K, capacity 1899K, committed 1920K, reserved 1048576K
Event: 2.992 GC heap after
Heap after GC invocations=11 (full 2):
 PSYoungGen      total 281600K, used 0K [0x00000000d5a00000, 0x00000000f0c80000, 0x0000000100000000)
  eden space 265728K, 0% used [0x00000000d5a00000,0x00000000d5a00000,0x00000000e5d80000)
  from space 15872K, 0% used [0x00000000e5d80000,0x00000000e5d80000,0x00000000e6d00000)
  to   space 16384K, 0% used [0x00000000efc80000,0x00000000efc80000,0x00000000f0c80000)
 ParOldGen       total 417280K, used 167646K [0x0000000080e00000, 0x000000009a580000, 0x00000000d5a00000)
  object space 417280K, 40% used [0x0000000080e00000,0x000000008b1b7af0,0x000000009a580000)
 Metaspace       used 17435K, capacity 17598K, committed 17792K, reserved 1064960K
  class space    used 1812K, capacity 1899K, committed 1920K, reserved 1048576K
}

